<?xml version="1.0" encoding="UTF-8"?>
<testng-results ignored="0" total="2" passed="2" failed="0" skipped="0">
  <reporter-output>
  </reporter-output>
  <suite started-at="2024-02-27T11:38:43 IST" name="Suite" finished-at="2024-02-27T11:39:13 IST" duration-ms="29879">
    <groups>
    </groups>
    <test started-at="2024-02-27T11:38:43 IST" name="firefoxTest" finished-at="2024-02-27T11:39:01 IST" duration-ms="18675">
      <class name="org.example.testcases.CrossBrowser_TC">
        <test-method is-config="true" signature="setUp()[pri:0, instance:org.example.testcases.CrossBrowser_TC@51399530]" started-at="2024-02-27T11:38:43 IST" name="setUp" finished-at="2024-02-27T11:38:45 IST" duration-ms="2548" status="PASS">
          <reporter-output>
          </reporter-output>
        </test-method> <!-- setUp -->
        <test-method signature="openFirefoxBrowser(java.lang.String)[pri:0, instance:org.example.testcases.CrossBrowser_TC@51399530]" started-at="2024-02-27T11:38:45 IST" name="openFirefoxBrowser" finished-at="2024-02-27T11:38:59 IST" duration-ms="13150" status="PASS">
          <params>
            <param index="0">
              <value>
                <![CDATA[firefox]]>
              </value>
            </param>
          </params>
          <reporter-output>
          </reporter-output>
        </test-method> <!-- openFirefoxBrowser -->
        <test-method is-config="true" signature="teardown()[pri:0, instance:org.example.testcases.CrossBrowser_TC@51399530]" started-at="2024-02-27T11:38:59 IST" name="teardown" finished-at="2024-02-27T11:39:01 IST" duration-ms="2889" status="PASS">
          <reporter-output>
          </reporter-output>
        </test-method> <!-- teardown -->
      </class> <!-- org.example.testcases.CrossBrowser_TC -->
    </test> <!-- firefoxTest -->
    <test started-at="2024-02-27T11:39:01 IST" name="chromeTest" finished-at="2024-02-27T11:39:13 IST" duration-ms="11138">
      <class name="org.example.testcases.CrossBrowser_TC">
        <test-method is-config="true" signature="setUp()[pri:0, instance:org.example.testcases.CrossBrowser_TC@f5958c9]" started-at="2024-02-27T11:39:01 IST" name="setUp" finished-at="2024-02-27T11:39:03 IST" duration-ms="1642" status="PASS">
          <reporter-output>
          </reporter-output>
        </test-method> <!-- setUp -->
        <test-method signature="openFirefoxBrowser(java.lang.String)[pri:0, instance:org.example.testcases.CrossBrowser_TC@f5958c9]" started-at="2024-02-27T11:39:03 IST" name="openFirefoxBrowser" finished-at="2024-02-27T11:39:12 IST" duration-ms="8940" status="PASS">
          <params>
            <param index="0">
              <value>
                <![CDATA[chrome]]>
              </value>
            </param>
          </params>
          <reporter-output>
          </reporter-output>
        </test-method> <!-- openFirefoxBrowser -->
        <test-method is-config="true" signature="teardown()[pri:0, instance:org.example.testcases.CrossBrowser_TC@f5958c9]" started-at="2024-02-27T11:39:12 IST" name="teardown" finished-at="2024-02-27T11:39:13 IST" duration-ms="541" status="PASS">
          <reporter-output>
          </reporter-output>
        </test-method> <!-- teardown -->
      </class> <!-- org.example.testcases.CrossBrowser_TC -->
    </test> <!-- chromeTest -->
  </suite> <!-- Suite -->
</testng-results>
